[2023-07-07 15:22:12,363] INFO Repository: poetry, url: https://github.com/python-poetry/poetry, date (yyyy-mm-dd):2018-02-28
[2023-07-07 15:22:26,930] INFO Repository: NUR, url: https://github.com/nix-community/NUR, date (yyyy-mm-dd):2018-02-28
[2023-07-07 15:22:34,047] INFO Repository: avod, url: https://github.com/kujason/avod, date (yyyy-mm-dd):2018-02-28
[2023-07-07 15:22:41,942] INFO Repository: SMPL, url: https://github.com/CalciferZh/SMPL, date (yyyy-mm-dd):2018-02-28
[2023-07-07 15:22:43,803] INFO Repository: pdf2word, url: https://github.com/python-fan/pdf2word, date (yyyy-mm-dd):2018-02-28
[2023-07-07 15:22:46,424] INFO Repository: full-stack, url: https://github.com/tiangolo/full-stack, date (yyyy-mm-dd):2018-02-28
[2023-07-07 15:22:49,506] INFO Repository: SO-Net, url: https://github.com/lijx10/SO-Net, date (yyyy-mm-dd):2018-02-28
[2023-07-07 15:22:51,521] INFO Repository: CliqueNet, url: https://github.com/iboing/CliqueNet, date (yyyy-mm-dd):2018-02-28
[2023-07-07 15:22:53,645] INFO Repository: console-menu, url: https://github.com/aegirhall/console-menu, date (yyyy-mm-dd):2018-02-28
[2023-07-07 15:22:56,226] INFO Repository: obamanet, url: https://github.com/karanvivekbhargava/obamanet, date (yyyy-mm-dd):2018-02-28
[2023-07-07 15:22:58,834] INFO Repository: KBGAN, url: https://github.com/cai-lw/KBGAN, date (yyyy-mm-dd):2018-02-28
[2023-07-07 15:23:03,542] INFO Repository: ahocorapy, url: https://github.com/abusix/ahocorapy, date (yyyy-mm-dd):2018-02-28
[2023-07-07 15:23:05,678] INFO Repository: MHWorldData, url: https://github.com/gatheringhallstudios/MHWorldData, date (yyyy-mm-dd):2018-02-28
[2023-07-07 15:23:13,317] INFO Repository: Tkinter-GUI-Application-Development-Blueprints-Second-Edition, url: https://github.com/PacktPublishing/Tkinter-GUI-Application-Development-Blueprints-Second-Edition, date (yyyy-mm-dd):2018-02-28
[2023-07-07 15:23:17,891] INFO Repository: Monotonic-WOE-Binning-Algorithm, url: https://github.com/jstephenj14/Monotonic-WOE-Binning-Algorithm, date (yyyy-mm-dd):2018-02-28
[2023-07-07 15:23:19,910] INFO Repository: pylsl, url: https://github.com/labstreaminglayer/pylsl, date (yyyy-mm-dd):2018-02-28
[2023-07-07 15:23:21,849] INFO Repository: get_noaa_ghcn_data, url: https://github.com/aaronpenne/get_noaa_ghcn_data, date (yyyy-mm-dd):2018-02-28
[2023-07-07 15:23:24,488] INFO Repository: PRPN, url: https://github.com/yikangshen/PRPN, date (yyyy-mm-dd):2018-02-28
[2023-07-07 15:23:28,120] INFO Repository: python-utils, url: https://github.com/kylemcdonald/python-utils, date (yyyy-mm-dd):2018-02-28
[2023-07-07 15:23:29,879] INFO Repository: kivy-launcher, url: https://github.com/kivy/kivy-launcher, date (yyyy-mm-dd):2018-02-28
[2023-07-07 15:23:31,724] INFO Repository: therobotrix, url: https://github.com/3dperceptionlab/therobotrix, date (yyyy-mm-dd):2018-02-28
[2023-07-07 15:23:34,347] INFO Repository: lavender, url: https://github.com/tmandry/lavender, date (yyyy-mm-dd):2018-02-28
[2023-07-07 15:23:36,033] INFO Repository: KL-divergence-estimators, url: https://github.com/nhartland/KL-divergence-estimators, date (yyyy-mm-dd):2018-02-28
[2023-07-07 15:23:39,668] INFO Repository: elevator_button_recognition, url: https://github.com/zhudelong/elevator_button_recognition, date (yyyy-mm-dd):2018-02-28
[2023-07-07 15:23:45,575] INFO Repository: selenium-grid-docker-swarm, url: https://github.com/testdrivenio/selenium-grid-docker-swarm, date (yyyy-mm-dd):2018-02-28
[2023-07-07 15:23:48,854] INFO Repository: ChemGE, url: https://github.com/tsudalab/ChemGE, date (yyyy-mm-dd):2018-02-28
[2023-07-07 15:23:57,622] INFO Repository: end2end, url: https://github.com/artbataev/end2end, date (yyyy-mm-dd):2018-02-28
[2023-07-07 15:24:00,169] INFO Repository: pystocklib, url: https://github.com/mohabmes/pystocklib, date (yyyy-mm-dd):2018-02-28
[2023-07-07 15:24:02,043] INFO Repository: tripCAnalysis, url: https://github.com/chhu1/tripCAnalysis, date (yyyy-mm-dd):2018-02-28
[2023-07-07 15:24:06,320] INFO Repository: uwallet-client, url: https://github.com/UlordChain/uwallet-client, date (yyyy-mm-dd):2018-02-28
[2023-07-07 15:24:10,615] INFO Repository: django-admin-hstore-widget, url: https://github.com/PokaInc/django-admin-hstore-widget, date (yyyy-mm-dd):2018-02-28
[2023-07-07 15:24:12,580] INFO Repository: mimibot, url: https://github.com/nguyennoapp/mimibot, date (yyyy-mm-dd):2018-02-28
[2023-07-07 15:24:18,269] INFO Repository: pythonista-map, url: https://github.com/PythonistaCafe/pythonista-map, date (yyyy-mm-dd):2018-02-28
[2023-07-07 15:24:20,516] INFO Repository: StableGAN-Tensorflow, url: https://github.com/taki0112/StableGAN-Tensorflow, date (yyyy-mm-dd):2018-02-28
[2023-07-07 15:24:22,661] INFO Repository: rocksdb-statistics, url: https://github.com/warlo/rocksdb-statistics, date (yyyy-mm-dd):2018-02-28
[2023-07-07 15:24:24,401] INFO Repository: PyDSRL, url: https://github.com/ivegner/PyDSRL, date (yyyy-mm-dd):2018-02-28
[2023-07-07 15:24:26,261] INFO Repository: nmt-wizard, url: https://github.com/OpenNMT/nmt-wizard, date (yyyy-mm-dd):2018-02-28
[2023-07-07 15:24:29,394] INFO Repository: sau-ml, url: https://github.com/halil/sau-ml, date (yyyy-mm-dd):2018-02-28
[2023-07-07 15:29:00,119] INFO Repository: protool, url: https://github.com/microsoft/protool, date (yyyy-mm-dd):2018-02-28
[2023-07-07 15:29:02,592] INFO Repository: ipfu, url: https://github.com/shen79/ipfu, date (yyyy-mm-dd):2018-02-28
[2023-07-07 15:29:04,670] INFO Repository: ecabc, url: https://github.com/ecrl/ecabc, date (yyyy-mm-dd):2018-02-28
[2023-07-07 15:29:23,297] INFO Repository: VK-SavedImagesDownloader, url: https://github.com/limitedeternity/VK-SavedImagesDownloader, date (yyyy-mm-dd):2018-02-28
[2023-07-07 15:29:25,147] INFO Repository: Kindlemanga, url: https://github.com/KindleManga/Kindlemanga, date (yyyy-mm-dd):2018-02-28
[2023-07-07 15:29:47,138] INFO Repository: Search, url: https://github.com/rholi/Search, date (yyyy-mm-dd):2018-02-28
[2023-07-07 15:29:53,344] INFO Repository: imagedata, url: https://github.com/erling6232/imagedata, date (yyyy-mm-dd):2018-02-28
[2023-07-07 15:31:55,485] INFO Repository: monero-serialize, url: https://github.com/ph4r05/monero-serialize, date (yyyy-mm-dd):2018-02-28
[2023-07-07 15:58:23,095] INFO Repository: poetry, url: https://github.com/python-poetry/poetry, date (yyyy-mm-dd):2018-02-28
[2023-07-07 15:58:44,115] INFO Repository: NUR, url: https://github.com/nix-community/NUR, date (yyyy-mm-dd):2018-02-28
[2023-07-07 15:58:54,016] INFO Repository: avod, url: https://github.com/kujason/avod, date (yyyy-mm-dd):2018-02-28
[2023-07-07 15:59:08,652] INFO Repository: SMPL, url: https://github.com/CalciferZh/SMPL, date (yyyy-mm-dd):2018-02-28
[2023-07-07 15:59:12,550] INFO Repository: pdf2word, url: https://github.com/python-fan/pdf2word, date (yyyy-mm-dd):2018-02-28
[2023-07-07 15:59:15,823] INFO Repository: full-stack, url: https://github.com/tiangolo/full-stack, date (yyyy-mm-dd):2018-02-28
[2023-07-07 16:04:20,366] INFO Repository: poetry, url: https://github.com/python-poetry/poetry, date (yyyy-mm-dd):2018-02-28
[2023-07-07 16:04:27,440] INFO Repository: NUR, url: https://github.com/nix-community/NUR, date (yyyy-mm-dd):2018-02-28
[2023-07-07 16:04:30,099] INFO Repository: avod, url: https://github.com/kujason/avod, date (yyyy-mm-dd):2018-02-28
[2023-07-07 16:04:35,046] INFO Repository: SMPL, url: https://github.com/CalciferZh/SMPL, date (yyyy-mm-dd):2018-02-28
[2023-07-07 16:04:36,972] INFO Repository: pdf2word, url: https://github.com/python-fan/pdf2word, date (yyyy-mm-dd):2018-02-28
[2023-07-07 16:04:38,659] INFO Repository: full-stack, url: https://github.com/tiangolo/full-stack, date (yyyy-mm-dd):2018-02-28
[2023-07-07 16:04:41,081] INFO Repository: SO-Net, url: https://github.com/lijx10/SO-Net, date (yyyy-mm-dd):2018-02-28
[2023-07-07 16:04:43,809] INFO Repository: CliqueNet, url: https://github.com/iboing/CliqueNet, date (yyyy-mm-dd):2018-02-28
[2023-07-07 16:06:08,871] INFO Repository: poetry, url: https://github.com/python-poetry/poetry, date (yyyy-mm-dd):2018-02-28
[2023-07-07 16:06:16,090] INFO Repository: NUR, url: https://github.com/nix-community/NUR, date (yyyy-mm-dd):2018-02-28
[2023-07-07 16:06:19,131] INFO Repository: avod, url: https://github.com/kujason/avod, date (yyyy-mm-dd):2018-02-28
[2023-07-07 16:06:23,994] INFO Repository: SMPL, url: https://github.com/CalciferZh/SMPL, date (yyyy-mm-dd):2018-02-28
[2023-07-07 16:06:26,038] INFO Repository: pdf2word, url: https://github.com/python-fan/pdf2word, date (yyyy-mm-dd):2018-02-28
[2023-07-07 16:06:28,449] INFO Repository: full-stack, url: https://github.com/tiangolo/full-stack, date (yyyy-mm-dd):2018-02-28
[2023-07-07 16:06:31,210] INFO Repository: SO-Net, url: https://github.com/lijx10/SO-Net, date (yyyy-mm-dd):2018-02-28
[2023-07-07 16:06:34,124] INFO Repository: CliqueNet, url: https://github.com/iboing/CliqueNet, date (yyyy-mm-dd):2018-02-28
[2023-07-07 16:06:36,412] INFO Repository: console-menu, url: https://github.com/aegirhall/console-menu, date (yyyy-mm-dd):2018-02-28
[2023-07-07 16:06:38,769] INFO Repository: obamanet, url: https://github.com/karanvivekbhargava/obamanet, date (yyyy-mm-dd):2018-02-28
[2023-07-07 16:06:41,087] INFO Repository: KBGAN, url: https://github.com/cai-lw/KBGAN, date (yyyy-mm-dd):2018-02-28
[2023-07-07 16:06:43,625] INFO Repository: ahocorapy, url: https://github.com/abusix/ahocorapy, date (yyyy-mm-dd):2018-02-28
[2023-07-07 16:06:46,144] INFO Repository: MHWorldData, url: https://github.com/gatheringhallstudios/MHWorldData, date (yyyy-mm-dd):2018-02-28
[2023-07-07 16:06:51,906] INFO Repository: Tkinter-GUI-Application-Development-Blueprints-Second-Edition, url: https://github.com/PacktPublishing/Tkinter-GUI-Application-Development-Blueprints-Second-Edition, date (yyyy-mm-dd):2018-02-28
[2023-07-07 16:06:58,303] INFO Repository: Monotonic-WOE-Binning-Algorithm, url: https://github.com/jstephenj14/Monotonic-WOE-Binning-Algorithm, date (yyyy-mm-dd):2018-02-28
[2023-07-07 16:07:00,588] INFO Repository: pylsl, url: https://github.com/labstreaminglayer/pylsl, date (yyyy-mm-dd):2018-02-28
[2023-07-07 16:07:03,144] INFO Repository: get_noaa_ghcn_data, url: https://github.com/aaronpenne/get_noaa_ghcn_data, date (yyyy-mm-dd):2018-02-28
[2023-07-07 16:07:06,439] INFO Repository: PRPN, url: https://github.com/yikangshen/PRPN, date (yyyy-mm-dd):2018-02-28
[2023-07-07 16:07:09,365] INFO Repository: python-utils, url: https://github.com/kylemcdonald/python-utils, date (yyyy-mm-dd):2018-02-28
[2023-07-07 16:07:11,720] INFO Repository: kivy-launcher, url: https://github.com/kivy/kivy-launcher, date (yyyy-mm-dd):2018-02-28
[2023-07-07 16:07:14,368] INFO Repository: therobotrix, url: https://github.com/3dperceptionlab/therobotrix, date (yyyy-mm-dd):2018-02-28
[2023-07-07 16:07:16,686] INFO Repository: lavender, url: https://github.com/tmandry/lavender, date (yyyy-mm-dd):2018-02-28
[2023-07-07 16:07:18,765] INFO Repository: KL-divergence-estimators, url: https://github.com/nhartland/KL-divergence-estimators, date (yyyy-mm-dd):2018-02-28
[2023-07-07 16:07:21,402] INFO Repository: elevator_button_recognition, url: https://github.com/zhudelong/elevator_button_recognition, date (yyyy-mm-dd):2018-02-28
[2023-07-07 16:07:29,212] INFO Repository: selenium-grid-docker-swarm, url: https://github.com/testdrivenio/selenium-grid-docker-swarm, date (yyyy-mm-dd):2018-02-28
[2023-07-07 16:07:31,204] INFO Repository: ChemGE, url: https://github.com/tsudalab/ChemGE, date (yyyy-mm-dd):2018-02-28
[2023-07-07 16:07:43,612] INFO Repository: end2end, url: https://github.com/artbataev/end2end, date (yyyy-mm-dd):2018-02-28
[2023-07-07 16:07:46,324] INFO Repository: pystocklib, url: https://github.com/mohabmes/pystocklib, date (yyyy-mm-dd):2018-02-28
[2023-07-07 16:07:48,467] INFO Repository: tripCAnalysis, url: https://github.com/chhu1/tripCAnalysis, date (yyyy-mm-dd):2018-02-28
[2023-07-07 16:07:52,329] INFO Repository: uwallet-client, url: https://github.com/UlordChain/uwallet-client, date (yyyy-mm-dd):2018-02-28
[2023-07-07 16:07:54,712] INFO Total count for 2018-02-28: 329
